SF:lib/data/datasources/remote/schedule/yandex_rasp_api_data_source.dart
DA:12,1
DA:15,1
DA:19,4
DA:23,2
DA:26,2
DA:30,0
DA:33,0
DA:41,0
LF:8
LH:5
end_of_record
SF:lib/data/dto/schedule_p_p/schedule_point_point_dto.dart
DA:15,1
DA:24,1
DA:25,1
DA:29,0
DA:30,0
DA:31,0
DA:32,0
DA:33,0
DA:34,0
LF:9
LH:3
end_of_record
SF:lib/data/dto/schedule_p_p/schedule_point_point_dto.g.dart
DA:9,1
DA:11,1
DA:12,1
DA:13,1
DA:15,2
DA:16,1
DA:17,3
DA:18,1
DA:19,1
DA:21,2
DA:24,0
DA:26,0
DA:27,0
DA:28,0
DA:29,0
DA:30,0
LF:16
LH:10
end_of_record
SF:lib/data/dto/nearest_settlement/nearest_settlement_dto.dart
DA:25,0
DA:28,0
DA:29,0
DA:33,0
DA:34,0
DA:35,0
DA:36,0
DA:37,0
DA:38,0
DA:39,0
DA:40,0
DA:41,0
DA:42,0
LF:13
LH:0
end_of_record
SF:lib/data/dto/nearest_settlement/nearest_settlement_dto.g.dart
DA:9,0
DA:11,0
DA:12,0
DA:13,0
DA:14,0
DA:15,0
DA:16,0
DA:17,0
DA:18,0
DA:19,0
DA:22,0
DA:24,0
DA:25,0
DA:26,0
DA:27,0
DA:28,0
DA:29,0
DA:30,0
DA:31,0
DA:32,0
LF:20
LH:0
end_of_record
SF:lib/data/dto/schedule_p_p/from_dto.dart
DA:21,1
DA:22,1
DA:26,0
DA:27,0
DA:28,0
DA:29,0
DA:30,0
DA:31,0
DA:32,0
DA:33,0
DA:34,0
DA:35,0
LF:12
LH:2
end_of_record
SF:lib/data/dto/schedule_p_p/from_dto.g.dart
DA:9,2
DA:10,1
DA:11,1
DA:12,1
DA:13,1
DA:14,1
DA:15,1
DA:16,1
DA:17,1
DA:20,0
DA:21,0
DA:22,0
DA:23,0
DA:24,0
DA:25,0
DA:26,0
DA:27,0
DA:28,0
DA:29,0
LF:19
LH:9
end_of_record
SF:lib/domain/entities/schedule_p_p/from.dart
DA:11,0
LF:1
LH:0
end_of_record
SF:lib/data/dto/schedule_p_p/pagination_dto.dart
DA:16,1
DA:17,1
DA:21,0
DA:22,0
DA:23,0
DA:24,0
DA:25,0
LF:7
LH:2
end_of_record
SF:lib/data/dto/schedule_p_p/pagination_dto.g.dart
DA:9,1
DA:10,1
DA:11,1
DA:12,1
DA:13,1
DA:16,0
DA:17,0
DA:18,0
DA:19,0
DA:20,0
LF:10
LH:5
end_of_record
SF:lib/domain/entities/schedule_p_p/pagination.dart
DA:6,0
LF:1
LH:0
end_of_record
SF:lib/domain/entities/schedule_p_p/schedule_point_point.dart
DA:11,0
LF:1
LH:0
end_of_record
SF:lib/data/dto/schedule_p_p/search_dto.g.dart
DA:9,2
DA:10,1
DA:11,1
DA:13,2
DA:14,1
DA:16,2
DA:19,0
DA:20,0
DA:21,0
DA:22,0
DA:23,0
LF:11
LH:6
end_of_record
SF:lib/data/dto/schedule_p_p/search_dto.dart
DA:18,1
DA:19,1
DA:23,0
DA:24,0
DA:25,0
DA:26,0
DA:27,0
LF:7
LH:2
end_of_record
SF:lib/data/dto/schedule_p_p/segment_dto.g.dart
DA:9,1
DA:10,1
DA:11,1
DA:13,2
DA:14,1
DA:16,2
DA:17,1
DA:19,2
DA:20,1
DA:21,1
DA:23,2
DA:24,1
DA:25,1
DA:26,1
DA:28,2
DA:29,1
DA:30,1
DA:32,0
DA:33,0
DA:34,1
DA:35,1
DA:36,1
DA:37,1
DA:40,0
DA:41,0
DA:42,0
DA:43,0
DA:44,0
DA:45,0
DA:46,0
DA:47,0
DA:48,0
DA:49,0
DA:50,0
DA:51,0
DA:52,0
DA:53,0
DA:54,0
DA:55,0
LF:39
LH:21
end_of_record
SF:lib/data/dto/schedule_p_p/segment_dto.dart
DA:31,1
DA:32,1
DA:36,0
DA:37,0
DA:38,0
DA:39,0
DA:40,0
DA:41,0
DA:42,0
DA:43,0
DA:44,0
DA:45,0
DA:46,0
DA:47,0
DA:48,0
DA:49,0
DA:50,0
DA:51,0
LF:18
LH:2
end_of_record
SF:lib/domain/entities/schedule_p_p/search.dart
DA:9,0
LF:1
LH:0
end_of_record
SF:lib/data/dto/schedule_p_p/to_dto.dart
DA:21,2
DA:25,0
DA:26,0
DA:27,0
DA:28,0
DA:29,0
DA:30,0
DA:31,0
DA:32,0
DA:33,0
DA:34,0
LF:11
LH:1
end_of_record
SF:lib/data/dto/schedule_p_p/to_dto.g.dart
DA:9,2
DA:10,1
DA:11,1
DA:12,1
DA:13,1
DA:14,1
DA:15,1
DA:16,1
DA:17,1
DA:20,0
DA:21,0
DA:22,0
DA:23,0
DA:24,0
DA:25,0
DA:26,0
DA:27,0
DA:28,0
LF:18
LH:9
end_of_record
SF:lib/domain/entities/schedule_p_p/segment.dart
DA:22,0
LF:1
LH:0
end_of_record
SF:lib/data/dto/schedule_p_p/thread_dto.g.dart
DA:9,2
DA:10,1
DA:11,1
DA:12,1
DA:13,1
DA:14,1
DA:15,1
DA:16,1
DA:17,1
DA:18,1
DA:20,0
DA:21,0
DA:22,1
DA:25,0
DA:26,0
DA:27,0
DA:28,0
DA:29,0
DA:30,0
DA:31,0
DA:32,0
DA:33,0
DA:34,0
DA:35,0
DA:36,0
LF:25
LH:11
end_of_record
SF:lib/data/dto/schedule_p_p/thread_dto.dart
DA:24,1
DA:25,1
DA:29,0
DA:30,0
DA:31,0
DA:32,0
DA:33,0
DA:34,0
DA:35,0
DA:36,0
DA:37,0
DA:38,0
DA:39,0
DA:40,0
LF:14
LH:2
end_of_record
SF:lib/data/dto/schedule_p_p/tickets_info_dto.dart
DA:16,0
DA:17,0
DA:21,0
DA:22,0
DA:23,0
DA:24,0
LF:6
LH:0
end_of_record
SF:lib/data/dto/schedule_p_p/tickets_info_dto.g.dart
DA:9,0
DA:10,0
DA:11,0
DA:12,0
DA:15,0
DA:16,0
DA:17,0
DA:18,0
LF:8
LH:0
end_of_record
SF:lib/domain/entities/schedule_p_p/thread.dart
DA:15,0
LF:1
LH:0
end_of_record
SF:lib/data/dto/schedule_p_p/transport_subtype_dto.dart
DA:17,0
DA:18,0
DA:22,0
DA:23,0
DA:24,0
DA:25,0
DA:26,0
LF:7
LH:0
end_of_record
SF:lib/data/dto/schedule_p_p/transport_subtype_dto.g.dart
DA:9,0
DA:11,0
DA:12,0
DA:13,0
DA:14,0
DA:17,0
DA:19,0
DA:20,0
DA:21,0
DA:22,0
LF:10
LH:0
end_of_record
SF:lib/domain/entities/schedule_p_p/tickets_info.dart
DA:5,0
LF:1
LH:0
end_of_record
SF:lib/domain/entities/schedule_p_p/to.dart
DA:11,0
LF:1
LH:0
end_of_record
SF:lib/domain/entities/schedule_p_p/transport_subtype.dart
DA:6,0
LF:1
LH:0
end_of_record
