SF:lib/domain/usecases/get_schedule_p_p.dart
DA:14,1
DA:17,1
DA:19,3
DA:20,3
DA:29,1
DA:32,0
DA:33,0
LF:7
LH:5
end_of_record
SF:lib/domain/entities/schedule_p_p/from_entity.dart
DA:13,4
DA:24,1
DA:25,1
DA:26,1
DA:27,1
DA:28,1
DA:29,1
DA:30,1
DA:31,1
DA:32,1
DA:33,1
LF:11
LH:11
end_of_record
SF:lib/domain/entities/schedule_p_p/pagination_entity.dart
DA:8,4
DA:14,1
DA:15,4
LF:3
LH:3
end_of_record
SF:lib/domain/entities/schedule_p_p/schedule_point_point_entity.dart
DA:13,2
DA:20,1
DA:21,5
LF:3
LH:3
end_of_record
SF:lib/domain/entities/schedule_p_p/search_entity.dart
DA:11,2
DA:17,1
DA:18,4
LF:3
LH:3
end_of_record
SF:lib/domain/entities/schedule_p_p/segment_entity.dart
DA:24,2
DA:41,1
DA:42,1
DA:43,1
DA:44,1
DA:45,1
DA:46,1
DA:47,1
DA:48,1
DA:49,1
DA:50,1
DA:51,1
DA:52,1
DA:53,1
DA:54,1
DA:55,1
DA:56,1
LF:17
LH:17
end_of_record
SF:lib/domain/entities/schedule_p_p/thread_entity.dart
DA:17,4
DA:30,1
DA:31,1
DA:32,1
DA:33,1
DA:34,1
DA:35,1
DA:36,1
DA:37,1
DA:38,1
DA:39,1
DA:40,1
DA:41,1
LF:13
LH:13
end_of_record
SF:lib/domain/entities/schedule_p_p/to_entity.dart
DA:13,2
DA:24,1
DA:25,1
DA:26,1
DA:27,1
DA:28,1
DA:29,1
DA:30,1
DA:31,1
DA:32,1
DA:33,1
LF:11
LH:11
end_of_record
SF:lib/data/dto/nearest_settlement/nearest_settlement_dto.dart
DA:28,0
DA:29,0
DA:33,0
DA:34,0
DA:35,0
DA:36,0
DA:37,0
DA:38,0
DA:39,0
DA:40,0
DA:41,0
DA:42,0
LF:12
LH:0
end_of_record
SF:lib/data/dto/nearest_settlement/nearest_settlement_dto.g.dart
DA:9,0
DA:11,0
DA:12,0
DA:13,0
DA:14,0
DA:15,0
DA:16,0
DA:17,0
DA:18,0
DA:19,0
DA:22,0
DA:24,0
DA:25,0
DA:26,0
DA:27,0
DA:28,0
DA:29,0
DA:30,0
DA:31,0
DA:32,0
LF:20
LH:0
end_of_record
SF:lib/data/dto/schedule_p_p/schedule_point_point_dto.dart
DA:15,2
DA:24,2
DA:25,2
DA:29,1
DA:30,1
DA:31,1
DA:32,2
DA:33,5
DA:34,2
LF:9
LH:9
end_of_record
SF:lib/data/dto/schedule_p_p/schedule_point_point_dto.g.dart
DA:9,2
DA:11,2
DA:12,2
DA:13,2
DA:15,4
DA:16,2
DA:17,6
DA:18,2
DA:19,2
DA:21,4
DA:24,1
DA:26,1
DA:27,1
DA:28,2
DA:29,5
DA:30,2
LF:16
LH:16
end_of_record
SF:lib/data/failure.dart
DA:5,3
DA:7,0
DA:8,0
DA:12,0
DA:16,0
DA:20,0
DA:24,3
LF:7
LH:2
end_of_record
SF:lib/data/dto/schedule_p_p/from_dto.dart
DA:10,2
DA:22,2
DA:23,2
DA:32,1
DA:33,1
DA:34,1
DA:35,1
DA:36,1
DA:37,1
DA:38,1
DA:39,1
DA:40,1
DA:41,1
LF:13
LH:13
end_of_record
SF:lib/data/dto/schedule_p_p/from_dto.g.dart
DA:9,4
DA:10,2
DA:11,2
DA:12,2
DA:13,2
DA:14,2
DA:15,2
DA:16,2
DA:17,2
DA:20,1
DA:21,1
DA:22,1
DA:23,1
DA:24,1
DA:25,1
DA:26,1
DA:27,1
DA:28,1
DA:29,1
LF:19
LH:19
end_of_record
SF:lib/data/dto/schedule_p_p/pagination_dto.dart
DA:17,2
DA:18,2
DA:22,1
DA:23,1
DA:24,1
DA:25,1
DA:26,1
LF:7
LH:7
end_of_record
SF:lib/data/dto/schedule_p_p/pagination_dto.g.dart
DA:9,2
DA:10,2
DA:11,2
DA:12,2
DA:13,2
DA:16,1
DA:17,1
DA:18,1
DA:19,1
DA:20,1
LF:10
LH:10
end_of_record
SF:lib/data/dto/schedule_p_p/search_dto.dart
DA:12,2
DA:19,2
DA:20,2
DA:29,1
DA:30,1
DA:31,1
DA:32,2
DA:33,2
LF:8
LH:8
end_of_record
SF:lib/data/dto/schedule_p_p/search_dto.g.dart
DA:9,4
DA:10,2
DA:11,2
DA:13,4
DA:14,2
DA:16,4
DA:19,1
DA:20,1
DA:21,1
DA:22,2
DA:23,2
LF:11
LH:11
end_of_record
SF:lib/data/dto/schedule_p_p/segment_dto.dart
DA:15,2
DA:34,2
DA:35,2
DA:47,1
DA:48,1
DA:49,1
DA:50,2
DA:51,2
DA:52,1
DA:53,1
DA:54,1
DA:55,1
DA:56,1
DA:57,1
DA:58,2
DA:59,1
DA:60,1
DA:61,1
DA:62,2
LF:19
LH:19
end_of_record
SF:lib/data/dto/schedule_p_p/segment_dto.g.dart
DA:9,2
DA:10,2
DA:11,2
DA:13,4
DA:14,2
DA:16,4
DA:17,2
DA:19,4
DA:20,2
DA:21,2
DA:23,4
DA:24,2
DA:25,2
DA:26,2
DA:28,4
DA:29,2
DA:30,2
DA:32,2
DA:33,2
DA:34,2
DA:35,2
DA:36,2
DA:37,2
DA:40,1
DA:41,1
DA:42,2
DA:43,2
DA:44,2
DA:45,1
DA:46,2
DA:47,1
DA:48,1
DA:49,2
DA:50,1
DA:51,2
DA:52,1
DA:53,1
DA:54,1
DA:55,1
LF:39
LH:39
end_of_record
SF:lib/data/dto/schedule_p_p/to_dto.dart
DA:10,5
DA:22,4
DA:31,1
DA:32,1
DA:33,1
DA:34,1
DA:35,1
DA:36,1
DA:37,1
DA:38,1
DA:39,1
DA:40,1
LF:12
LH:12
end_of_record
SF:lib/data/dto/schedule_p_p/to_dto.g.dart
DA:9,4
DA:10,2
DA:11,2
DA:12,2
DA:13,2
DA:14,2
DA:15,2
DA:16,2
DA:17,2
DA:20,2
DA:21,1
DA:22,1
DA:23,1
DA:24,1
DA:25,1
DA:26,1
DA:27,1
DA:28,1
LF:18
LH:18
end_of_record
SF:lib/data/dto/schedule_p_p/thread_dto.dart
DA:11,5
DA:25,2
DA:26,2
DA:35,1
DA:36,1
DA:37,1
DA:38,1
DA:39,1
DA:40,1
DA:41,1
DA:42,1
DA:43,1
DA:44,1
DA:45,2
DA:46,1
LF:15
LH:15
end_of_record
SF:lib/data/dto/schedule_p_p/thread_dto.g.dart
DA:9,4
DA:10,2
DA:11,2
DA:12,2
DA:13,2
DA:14,2
DA:15,2
DA:16,2
DA:17,2
DA:18,2
DA:20,2
DA:21,2
DA:22,2
DA:25,1
DA:26,1
DA:27,1
DA:28,1
DA:29,1
DA:30,1
DA:31,1
DA:32,1
DA:33,1
DA:34,1
DA:35,2
DA:36,1
LF:25
LH:25
end_of_record
SF:lib/data/dto/schedule_p_p/tickets_info_dto.dart
DA:11,3
DA:17,2
DA:18,2
DA:27,1
DA:28,1
DA:29,1
DA:30,1
LF:7
LH:7
end_of_record
SF:lib/data/dto/schedule_p_p/tickets_info_dto.g.dart
DA:9,2
DA:10,2
DA:11,2
DA:12,2
DA:15,1
DA:16,1
DA:17,1
DA:18,1
LF:8
LH:8
end_of_record
SF:lib/data/dto/schedule_p_p/transport_subtype_dto.dart
DA:11,3
DA:18,2
DA:19,2
DA:28,1
DA:29,1
DA:30,1
DA:31,1
DA:32,1
LF:8
LH:8
end_of_record
SF:lib/data/dto/schedule_p_p/transport_subtype_dto.g.dart
DA:9,2
DA:11,2
DA:12,2
DA:13,2
DA:14,2
DA:17,1
DA:19,1
DA:20,1
DA:21,1
DA:22,1
LF:10
LH:10
end_of_record
SF:lib/domain/entities/schedule_p_p/tickets_info_entity.dart
DA:7,2
DA:12,1
DA:13,3
LF:3
LH:3
end_of_record
SF:lib/domain/entities/schedule_p_p/transport_subtype_entity.dart
DA:8,2
DA:14,1
DA:15,4
LF:3
LH:3
end_of_record
SF:lib/domain/usecases/get_nearest_settlement.dart
DA:14,1
DA:19,1
DA:20,3
DA:21,2
DA:22,1
DA:23,0
DA:24,1
DA:25,3
DA:26,1
DA:27,1
DA:35,0
DA:37,0
DA:38,0
LF:13
LH:9
end_of_record
SF:lib/domain/usecases/usecase.dart
DA:10,0
DA:11,0
LF:2
LH:0
end_of_record
SF:lib/data/datasources/remote/schedule/yandex_rasp_api_data_source.dart
DA:13,1
DA:16,1
DA:20,4
DA:24,2
DA:27,2
DA:28,2
DA:30,0
DA:35,0
DA:38,0
DA:46,0
DA:47,0
DA:49,0
LF:12
LH:6
end_of_record
